Log file open, 09/05/18 12:12:57
LogWindows: Failed to load 'aqProf.dll' (GetLastError=126)
LogWindows: File 'aqProf.dll' does not exist
LogWindows: Failed to load 'VSPerf140.dll' (GetLastError=126)
LogWindows: File 'VSPerf140.dll' does not exist
LogWindows: Failed to load 'VtuneApi.dll' (GetLastError=126)
LogWindows: File 'VtuneApi.dll' does not exist
LogWindows: Failed to load 'VtuneApi32e.dll' (GetLastError=126)
LogWindows: File 'VtuneApi32e.dll' does not exist
LogInit: Display: Running engine for game: BattleTank
LogPlatformFile: Not using cached read wrapper
LogTaskGraph: Started task graph with 5 named threads and 23 total threads with 3 sets of task threads.
LogStats: Stats thread started at 0.326203
LogD3D11RHI: Loaded GFSDK_Aftermath_Lib.x64.dll
LogICUInternationalization: Display: ICU TimeZone Detection - Raw Offset: +1:00, Platform Override: ''
LogPluginManager: Mounting plugin Paper2D
LogPluginManager: Mounting plugin AISupport
LogPluginManager: Mounting plugin LightPropagationVolume
LogPluginManager: Mounting plugin CLionSourceCodeAccess
LogPluginManager: Mounting plugin CodeLiteSourceCodeAccess
LogPluginManager: Mounting plugin GitSourceControl
LogPluginManager: Mounting plugin KDevelopSourceCodeAccess
LogPluginManager: Mounting plugin NullSourceCodeAccess
LogPluginManager: Mounting plugin PerforceSourceControl
LogPluginManager: Mounting plugin SubversionSourceControl
LogPluginManager: Mounting plugin UObjectPlugin
LogPluginManager: Mounting plugin VisualStudioCodeSourceCodeAccess
LogPluginManager: Mounting plugin VisualStudioSourceCodeAccess
LogPluginManager: Mounting plugin XCodeSourceCodeAccess
LogPluginManager: Mounting plugin AssetManagerEditor
LogPluginManager: Mounting plugin CryptoKeys
LogPluginManager: Mounting plugin DataValidation
LogPluginManager: Mounting plugin FacialAnimation
LogPluginManager: Mounting plugin GameplayTagsEditor
LogPluginManager: Mounting plugin MacGraphicsSwitching
LogPluginManager: Mounting plugin MeshEditor
LogPluginManager: Mounting plugin MobileLauncherProfileWizard
LogPluginManager: Mounting plugin PluginBrowser
LogPluginManager: Mounting plugin SpeedTreeImporter
LogPluginManager: Mounting plugin DatasmithContent
LogPluginManager: Mounting plugin AlembicImporter
LogPluginManager: Mounting plugin AppleImageUtils
LogPluginManager: Mounting plugin AppleVision
LogPluginManager: Mounting plugin BackChannel
LogPluginManager: Mounting plugin CharacterAI
LogPluginManager: Mounting plugin GeometryCache
LogPluginManager: Mounting plugin HTML5Networking
LogPluginManager: Mounting plugin ProxyLODPlugin
LogPluginManager: Mounting plugin MagicLeap
LogPluginManager: Mounting plugin MagicLeapEmulator
LogPluginManager: Mounting plugin MagicLeapMedia
LogPluginManager: Mounting plugin AndroidMedia
LogPluginManager: Mounting plugin AvfMedia
LogPluginManager: Mounting plugin ImgMedia
LogPluginManager: Mounting plugin LinearTimecode
LogPluginManager: Mounting plugin MediaCompositing
LogPluginManager: Mounting plugin MediaPlayerEditor
LogPluginManager: Mounting plugin WmfMedia
LogPluginManager: Mounting plugin TcpMessaging
LogPluginManager: Mounting plugin UdpMessaging
LogPluginManager: Mounting plugin ActorSequence
LogPluginManager: Mounting plugin LevelSequenceEditor
LogPluginManager: Mounting plugin MatineeToLevelSequence
LogPluginManager: Mounting plugin NetcodeUnitTest
LogPluginManager: Mounting plugin NUTUnrealEngine4
LogPluginManager: Mounting plugin OnlineSubsystemGooglePlay
LogPluginManager: Mounting plugin OnlineSubsystemIOS
LogPluginManager: Mounting plugin OnlineSubsystem
LogPluginManager: Mounting plugin OnlineSubsystemNull
LogPluginManager: Mounting plugin OnlineSubsystemUtils
LogPluginManager: Mounting plugin LauncherChunkInstaller
LogPluginManager: Mounting plugin AndroidDeviceProfileSelector
LogPluginManager: Mounting plugin AndroidMoviePlayer
LogPluginManager: Mounting plugin AndroidPermission
LogPluginManager: Mounting plugin AppleMoviePlayer
LogPluginManager: Mounting plugin ArchVisCharacter
LogPluginManager: Mounting plugin AudioCapture
LogPluginManager: Mounting plugin CableComponent
LogPluginManager: Mounting plugin CustomMeshComponent
LogPluginManager: Mounting plugin EditableMesh
LogPluginManager: Mounting plugin ExampleDeviceProfileSelector
LogPluginManager: Mounting plugin GoogleCloudMessaging
LogPluginManager: Mounting plugin ImmediatePhysics
LogPluginManager: Mounting plugin IOSDeviceProfileSelector
LogPluginManager: Mounting plugin LinuxDeviceProfileSelector
LogPluginManager: Mounting plugin LocationServicesBPLibrary
LogPluginManager: Mounting plugin MobilePatchingUtils
LogPluginManager: Mounting plugin OculusVR
LogPluginManager: Plugin shader directory ../../../Engine/Plugins/Runtime/Oculus/OculusVR/Shaders found
LogPluginManager: Mapping shader source directory ../../../Engine/Plugins/Runtime/Oculus/OculusVR/Shaders to virtual directory /Plugin/OculusVR
LogPluginManager: Mounting plugin PhysXVehicles
LogPluginManager: Mounting plugin ProceduralMeshComponent
LogPluginManager: Mounting plugin RuntimePhysXCooking
LogPluginManager: Mounting plugin SteamVR
LogPluginManager: Mounting plugin WindowsMoviePlayer
LogStreaming: Display: Took  0.218s to configure plugins.
LogInit: Using libcurl 7.55.1-DEV
LogInit:  - built for x86_64-pc-win32
LogInit:  - supports SSL with OpenSSL/1.0.2h
LogInit:  - supports HTTP deflate (compression) using libz 1.2.8
LogInit:  - other features:
LogInit:      CURL_VERSION_SSL
LogInit:      CURL_VERSION_LIBZ
LogInit:      CURL_VERSION_IPV6
LogInit:      CURL_VERSION_ASYNCHDNS
LogInit:      CURL_VERSION_LARGEFILE
LogInit:      CURL_VERSION_IDN
LogInit:  CurlRequestOptions (configurable via config and command line):
LogInit:  - bVerifyPeer = false  - Libcurl will NOT verify peer certificate
LogInit:  - bUseHttpProxy = false  - Libcurl will NOT use HTTP proxy
LogInit:  - bDontReuseConnections = false  - Libcurl will reuse connections
LogInit:  - CertBundlePath = nullptr  - Libcurl will use whatever was configured at build time.
LogInit:  - MaxHostConnections = 16  - Libcurl will limit the number of connections to a host
LogInit:  - LocalHostAddr = Default
LogInit:  - BufferSize = 65536
LogInit: WinSock: version 1.1 (2.2), MaxSocks=32767, MaxUdp=65467
LogInit: Build: ++UE4+Release-4.20-CL-4302132
LogInit: Engine Version: 4.20.2-4302132+++UE4+Release-4.20
LogInit: Compatible Engine Version: 4.20.0-4212847+++UE4+Release-4.20
LogInit: Net CL: 4212847
LogInit: OS: Windows 10 (), CPU: Intel(R) Core(TM) i7-6700HQ CPU @ 2.60GHz, GPU: NVIDIA GeForce GTX 980M
LogInit: Compiled (64-bit): Aug 21 2018 02:06:06
LogInit: Compiled with Visual C++: 19.13.26129.00
LogInit: Build Configuration: Development
LogInit: Branch Name: ++UE4+Release-4.20
LogInit: Command Line: -EpicPortal 
LogInit: Base Directory: C:/Program Files/Epic Games/UE_4.20/Engine/Binaries/Win64/
LogInit: Installed Engine Build: 1
LogDevObjectVersion: Number of dev versions registered: 20
LogDevObjectVersion:   Dev-Blueprints (B0D832E4-1F89-4F0D-ACCF-7EB736FD4AA2): 10
LogDevObjectVersion:   Dev-Build (E1C64328-A22C-4D53-A36C-8E866417BD8C): 0
LogDevObjectVersion:   Dev-Core (375EC13C-06E4-48FB-B500-84F0262A717E): 2
LogDevObjectVersion:   Dev-Editor (E4B068ED-F494-42E9-A231-DA0B2E46BB41): 24
LogDevObjectVersion:   Dev-Framework (CFFC743F-43B0-4480-9391-14DF171D2073): 34
LogDevObjectVersion:   Dev-Mobile (B02B49B5-BB20-44E9-A304-32B752E40360): 2
LogDevObjectVersion:   Dev-Networking (A4E4105C-59A1-49B5-A7C5-40C4547EDFEE): 0
LogDevObjectVersion:   Dev-Online (39C831C9-5AE6-47DC-9A44-9C173E1C8E7C): 0
LogDevObjectVersion:   Dev-Physics (78F01B33-EBEA-4F98-B9B4-84EACCB95AA2): 0
LogDevObjectVersion:   Dev-Platform (6631380F-2D4D-43E0-8009-CF276956A95A): 0
LogDevObjectVersion:   Dev-Rendering (12F88B9F-8875-4AFC-A67C-D90C383ABD29): 26
LogDevObjectVersion:   Dev-Sequencer (7B5AE74C-D270-4C10-A958-57980B212A5A): 9
LogDevObjectVersion:   Dev-VR (D7296918-1DD6-4BDD-9DE2-64A83CC13884): 2
LogDevObjectVersion:   Dev-LoadTimes (C2A15278-BFE7-4AFE-6C17-90FF531DF755): 1
LogDevObjectVersion:   Private-Geometry (6EACA3D4-40EC-4CC1-B786-8BED09428FC5): 3
LogDevObjectVersion:   Dev-AnimPhys (29E575DD-E0A3-4627-9D10-D276232CDCEA): 17
LogDevObjectVersion:   Dev-ReflectionCapture (6B266CEC-1EC7-4B8F-A30B-E4D90942FC07): 1
LogDevObjectVersion:   Dev-Automation (0DF73D61-A23F-47EA-B727-89E90C41499A): 1
LogDevObjectVersion:   FortniteMain (601D1886-AC64-4F84-AA16-D3DE0DEAC7D6): 12
LogDevObjectVersion:   Dev-Enterprise (9DFFBCD6-494F-0158-E221-12823C92A888): 1
LogStreaming: Display: Took  0.000s to delete old logs.
LogInit: Presizing for max 8388607 objects, including 0 objects not considered by GC, pre-allocating 0 bytes for permanent pool.
LogInit: Object subsystem initialized
[2018.09.05-11.12.58:025][  0]LogInit: Selected Device Profile: [Windows]
[2018.09.05-11.12.58:025][  0]LogInit: Applying CVar settings loaded from the selected device profile: [Windows]
[2018.09.05-11.12.58:039][  0]LogHAL: Display: Platform has ~ 16 GB [17131343872 / 17179869184 / 16], which maps to Larger [LargestMinGB=32, LargerMinGB=12, DefaultMinGB=8, SmallerMinGB=6, SmallestMinGB=0)
[2018.09.05-11.12.58:039][  0]LogInit: Setting Device Profile CVar: [[r.Vulkan.UseRealUBs:1]]
[2018.09.05-11.12.58:039][  0]LogInit: Going up to parent DeviceProfile []
[2018.09.05-11.12.58:040][  0]LogInit: Computer: MSI
[2018.09.05-11.12.58:040][  0]LogInit: User: unejo
[2018.09.05-11.12.58:040][  0]LogInit: CPU Page size=4096, Cores=4
[2018.09.05-11.12.58:040][  0]LogInit: High frequency timer resolution =2.531251 MHz
[2018.09.05-11.12.58:040][  0]LogMemory: Memory total: Physical=16.0GB (16GB approx)
[2018.09.05-11.12.58:040][  0]LogMemory: Platform Memory Stats for Windows
[2018.09.05-11.12.58:040][  0]LogMemory: Process Physical Memory: 100.39 MB used, 100.39 MB peak
[2018.09.05-11.12.58:040][  0]LogMemory: Process Virtual Memory: 89.37 MB used, 89.37 MB peak
[2018.09.05-11.12.58:040][  0]LogMemory: Physical Memory: 7669.75 MB used,  8667.98 MB free, 16337.72 MB total
[2018.09.05-11.12.58:041][  0]LogMemory: Virtual Memory: 4643.37 MB used,  8667.98 MB free, 134217728.00 MB total
[2018.09.05-11.12.58:677][  0]LogInit: Using OS detected language (nb-NO).
[2018.09.05-11.12.58:677][  0]LogInit: Using OS detected locale (nb-NO).
[2018.09.05-11.12.58:679][  0]LogTextLocalizationManager: No localization for 'nb-NO' exists, so 'en' will be used for the language.
[2018.09.05-11.12.59:169][  0]LogStreaming: Display: Took  0.491s to InitEngineTextLocalization.
[2018.09.05-11.12.59:169][  0]LogInit: Setting process to per monitor DPI aware
[2018.09.05-11.12.59:219][  0]LogSlate: New Slate User Created.  User Index 0, Is Virtual User: 0
[2018.09.05-11.12.59:219][  0]LogSlate: Slate User Registered.  User Index 0, Is Virtual User: 0
[2018.09.05-11.12.59:528][  0]LogHMD: Failed to initialize OpenVR with code 110
[2018.09.05-11.12.59:528][  0]LogD3D11RHI: D3D11 adapters:
[2018.09.05-11.12.59:593][  0]LogD3D11RHI:    0. 'NVIDIA GeForce GTX 980M' (Feature Level 11_0)
[2018.09.05-11.12.59:593][  0]LogD3D11RHI:       4061/0/8168 MB DedicatedVideo/DedicatedSystem/SharedSystem, Outputs:1, VendorId:0x10de
[2018.09.05-11.12.59:595][  0]LogD3D11RHI:    1. 'Microsoft Basic Render Driver' (Feature Level 11_0)
[2018.09.05-11.12.59:595][  0]LogD3D11RHI:       0/0/8168 MB DedicatedVideo/DedicatedSystem/SharedSystem, Outputs:0, VendorId:0x1414
[2018.09.05-11.12.59:595][  0]LogD3D11RHI: Chosen D3D11 Adapter: 0
[2018.09.05-11.12.59:604][  0]LogD3D11RHI: Creating new Direct3DDevice
[2018.09.05-11.12.59:604][  0]LogD3D11RHI:     GPU DeviceId: 0x1617 (for the marketing name, search the web for "GPU Device Id")
[2018.09.05-11.12.59:604][  0]LogWindows: EnumDisplayDevices:
[2018.09.05-11.12.59:604][  0]LogWindows:    0. 'NVIDIA GeForce GTX 980M' (P:1 D:1)
[2018.09.05-11.12.59:604][  0]LogWindows:    1. 'NVIDIA GeForce GTX 980M' (P:0 D:0)
[2018.09.05-11.12.59:605][  0]LogWindows:    2. 'NVIDIA GeForce GTX 980M' (P:0 D:0)
[2018.09.05-11.12.59:605][  0]LogWindows:    3. 'NVIDIA GeForce GTX 980M' (P:0 D:0)
[2018.09.05-11.12.59:605][  0]LogWindows: DebugString: FoundDriverCount:4 
[2018.09.05-11.12.59:605][  0]LogD3D11RHI:     Adapter Name: NVIDIA GeForce GTX 980M
[2018.09.05-11.12.59:605][  0]LogD3D11RHI:   Driver Version: 382.05 (internal:22.21.13.8205, unified:382.05)
[2018.09.05-11.12.59:605][  0]LogD3D11RHI:      Driver Date: 5-1-2017
[2018.09.05-11.12.59:605][  0]LogRHI: Texture pool is 2843 MB (70% of 4061 MB)
[2018.09.05-11.12.59:643][  0]LogD3D11RHI: Async texture creation enabled
[2018.09.05-11.12.59:655][  0]LogD3D11RHI: GPU Timing Frequency: 1000.000000 (Debug: 2 1)
[2018.09.05-11.12.59:698][  0]LogShaderCompilers: Guid format shader working directory is -27 characters bigger than the processId version (../../../../../../Users/unejo/Documents/H2018/Oving/BattleTank/BattleTank/Intermediate/Shaders/WorkingDirectory/7820/).
[2018.09.05-11.12.59:699][  0]LogShaderCompilers: Cleaned the shader compiler working directory 'C:/Users/unejo/AppData/Local/Temp/UnrealShaderWorkingDir/B8CA540448F26C843B6A589F7BCA0A7F/'.
[2018.09.05-11.13.00:237][  0]LogTemp: Display: Loaded TP AllDesktopTargetPlatform
[2018.09.05-11.13.00:257][  0]LogTemp: Display: Loaded TP MacClientTargetPlatform
[2018.09.05-11.13.00:279][  0]LogTemp: Display: Loaded TP MacNoEditorTargetPlatform
[2018.09.05-11.13.00:302][  0]LogTemp: Display: Loaded TP MacServerTargetPlatform
[2018.09.05-11.13.00:321][  0]LogTemp: Display: Loaded TP MacTargetPlatform
[2018.09.05-11.13.00:343][  0]LogTemp: Display: Loaded TP WindowsClientTargetPlatform
[2018.09.05-11.13.00:365][  0]LogTemp: Display: Loaded TP WindowsNoEditorTargetPlatform
[2018.09.05-11.13.00:388][  0]LogTemp: Display: Loaded TP WindowsServerTargetPlatform
[2018.09.05-11.13.00:398][  0]LogTemp: Display: Loaded TP WindowsTargetPlatform
[2018.09.05-11.13.00:503][  0]LogTemp: Display: Loaded TP AndroidTargetPlatform
[2018.09.05-11.13.00:503][  0]LogTemp: Display: Loaded TP AndroidTargetPlatform
[2018.09.05-11.13.00:503][  0]LogTemp: Display: Loaded TP AndroidTargetPlatform
[2018.09.05-11.13.00:503][  0]LogTemp: Display: Loaded TP AndroidTargetPlatform
[2018.09.05-11.13.00:503][  0]LogTemp: Display: Loaded TP AndroidTargetPlatform
[2018.09.05-11.13.00:503][  0]LogTemp: Display: Loaded TP AndroidTargetPlatform
[2018.09.05-11.13.00:503][  0]LogTemp: Display: Loaded TP AndroidTargetPlatform
[2018.09.05-11.13.00:503][  0]LogTemp: Display: Loaded TP AndroidTargetPlatform
[2018.09.05-11.13.00:503][  0]LogTemp: Display: Loaded TP AndroidTargetPlatform
[2018.09.05-11.13.00:503][  0]LogTemp: Display: Loaded TP AndroidTargetPlatform
[2018.09.05-11.13.00:503][  0]LogTemp: Display: Loaded TP AndroidTargetPlatform
[2018.09.05-11.13.00:503][  0]LogTemp: Display: Loaded TP AndroidTargetPlatform
[2018.09.05-11.13.00:503][  0]LogTemp: Display: Loaded TP AndroidTargetPlatform
[2018.09.05-11.13.00:503][  0]LogTemp: Display: Loaded TP AndroidTargetPlatform
[2018.09.05-11.13.00:503][  0]LogTemp: Display: Loaded TP AndroidTargetPlatform
[2018.09.05-11.13.00:503][  0]LogTemp: Display: Loaded TP AndroidTargetPlatform
[2018.09.05-11.13.00:503][  0]LogTemp: Display: Loaded TP AndroidTargetPlatform
[2018.09.05-11.13.00:503][  0]LogTemp: Display: Loaded TP AndroidTargetPlatform
[2018.09.05-11.13.00:506][  0]LogTemp: Display: Loaded TP HTML5TargetPlatform
[2018.09.05-11.13.00:581][  0]LogTemp: Display: Loaded TP IOSTargetPlatform
[2018.09.05-11.13.00:581][  0]LogTemp: Display: Loaded TP IOSTargetPlatform
[2018.09.05-11.13.00:609][  0]LogTemp: Display: Loaded TP TVOSTargetPlatform
[2018.09.05-11.13.00:609][  0]LogTemp: Display: Loaded TP TVOSTargetPlatform
[2018.09.05-11.13.00:625][  0]LogTemp: Display: Loaded TP LinuxClientTargetPlatform
[2018.09.05-11.13.00:642][  0]LogTemp: Display: Loaded TP LinuxNoEditorTargetPlatform
[2018.09.05-11.13.00:659][  0]LogTemp: Display: Loaded TP LinuxServerTargetPlatform
[2018.09.05-11.13.00:674][  0]LogTemp: Display: Loaded TP LinuxTargetPlatform
[2018.09.05-11.13.00:687][  0]LogTemp: Display: Loaded TP LuminTargetPlatform
[2018.09.05-11.13.00:687][  0]LogTargetPlatformManager: Display: Building Assets For Windows
[2018.09.05-11.13.00:794][  0]LogXGEController: Cannot use XGE Controller as Incredibuild is not installed on this machine.
[2018.09.05-11.13.00:794][  0]LogShaderCompilers: Cannot use XGE Shader Compiler as Incredibuild is not installed on this machine.
[2018.09.05-11.13.00:794][  0]LogShaderCompilers: Display: Using Local Shader Compiler.
[2018.09.05-11.13.01:781][  0]LogDerivedDataCache: Display: Max Cache Size: 512 MB
[2018.09.05-11.13.01:869][  0]LogDerivedDataCache: Loaded boot cache 0.09s 73MB C:/Users/unejo/AppData/Local/UnrealEngine/4.20/DerivedDataCache/Boot.ddc.
[2018.09.05-11.13.01:870][  0]LogDerivedDataCache: Display: Loaded Boot cache: C:/Users/unejo/AppData/Local/UnrealEngine/4.20/DerivedDataCache/Boot.ddc
[2018.09.05-11.13.01:870][  0]LogDerivedDataCache: FDerivedDataBackendGraph:  Pak pak cache file ../../../../../../Users/unejo/Documents/H2018/Oving/BattleTank/BattleTank/DerivedDataCache/DDC.ddp not found, will not use a pak cache.
[2018.09.05-11.13.01:870][  0]LogDerivedDataCache: Unable to find inner node Pak for hierarchical cache Hierarchy.
[2018.09.05-11.13.01:870][  0]LogDerivedDataCache: FDerivedDataBackendGraph:  CompressedPak pak cache file ../../../../../../Users/unejo/Documents/H2018/Oving/BattleTank/BattleTank/DerivedDataCache/Compressed.ddp not found, will not use a pak cache.
[2018.09.05-11.13.01:870][  0]LogDerivedDataCache: Unable to find inner node CompressedPak for hierarchical cache Hierarchy.
[2018.09.05-11.13.01:888][  0]LogDerivedDataCache: Display: Pak cache opened for reading ../../../Engine/DerivedDataCache/Compressed.ddp.
[2018.09.05-11.13.01:901][  0]LogDerivedDataCache: Using Local data cache path C:/Users/unejo/AppData/Local/UnrealEngine/Common/DerivedDataCache: Writable
[2018.09.05-11.13.01:901][  0]LogDerivedDataCache: Shared data cache path not found in *engine.ini, will not use an Shared cache.
[2018.09.05-11.13.01:901][  0]LogDerivedDataCache: Unable to find inner node Shared for hierarchical cache Hierarchy.
[2018.09.05-11.13.01:923][  0]LogMaterial: Verifying Global Shaders for PCD3D_SM5
[2018.09.05-11.13.01:925][  0]LogSlate: Using FreeType 2.6.0
[2018.09.05-11.13.01:926][  0]LogSlate: SlateFontServices - WITH_FREETYPE: 1, WITH_HARFBUZZ: 1
[2018.09.05-11.13.02:024][  0]LogAssetRegistry: FAssetRegistry took 0.0296 seconds to start up
[2018.09.05-11.13.02:502][  0]LogInit: Selected Device Profile: [Windows]
[2018.09.05-11.13.02:589][  0]LogSimplygon: Simplygon DLL not present - disabling.
[2018.09.05-11.13.02:596][  0]LogMeshReduction: Using SimplygonSwarm for distributed automatic mesh merging
[2018.09.05-11.13.02:596][  0]LogMeshReduction: Using ProxyLODMeshReduction for automatic mesh merging
[2018.09.05-11.13.02:596][  0]LogMeshReduction: Using QuadricMeshReduction for automatic static mesh reduction
[2018.09.05-11.13.02:596][  0]LogMeshReduction: No automatic skeletal mesh reduction module available
[2018.09.05-11.13.02:732][  0]LogNetVersion: BattleTank 1.0.0, NetCL: 4212847, EngineNetVer: 5, GameNetVer: 0 (Checksum: 486398009)
[2018.09.05-11.13.03:345][  0]LogPackageLocalizationCache: Processed 11 localized package path(s) for 1 prioritized culture(s) in 0.068066 seconds
[2018.09.05-11.13.03:352][  0]LogUObjectArray: 38425 objects as part of root set at end of initial load.
[2018.09.05-11.13.03:352][  0]LogUObjectAllocator: 6690872 out of 0 bytes used by permanent object pool.
[2018.09.05-11.13.03:352][  0]LogUObjectArray: CloseDisregardForGC: 0/0 objects in disregard for GC pool
[2018.09.05-11.13.04:515][  0]LogTcpMessaging: Initializing TcpMessaging bridge
[2018.09.05-11.13.04:542][  0]LogUdpMessaging: Initializing bridge on interface 0.0.0.0:0 to multicast group 230.0.0.1:6666.
[2018.09.05-11.13.04:836][  0]SourceControl: Source control is disabled
[2018.09.05-11.13.04:836][  0]SourceControl: Source control is disabled
[2018.09.05-11.13.04:839][  0]SourceControl: Source control is disabled
[2018.09.05-11.13.04:840][  0]SourceControl: Source control is disabled
[2018.09.05-11.13.05:042][  0]LogAndroidPermission: UAndroidPermissionCallbackProxy::GetInstance
[2018.09.05-11.13.05:111][  0]LogOcInput: OculusInput pre-init called
[2018.09.05-11.13.05:187][  0]LogEngine: Initializing Engine...
[2018.09.05-11.13.05:188][  0]LogHMD: Failed to initialize OpenVR with code 110
[2018.09.05-11.13.05:189][  0]LogStats: UGameplayTagsManager::ConstructGameplayTagTree: ImportINI prefixes -  0.000 s
[2018.09.05-11.13.05:189][  0]LogStats: UGameplayTagsManager::ConstructGameplayTagTree: Construct from data asset -  0.000 s
[2018.09.05-11.13.05:189][  0]LogStats: UGameplayTagsManager::ConstructGameplayTagTree: ImportINI -  0.000 s
[2018.09.05-11.13.05:189][  0]LogStats: UGameplayTagsManager::ConstructGameplayTagTree: GameplayTagTreeChangedEvent.Broadcast -  0.000 s
[2018.09.05-11.13.05:448][  0]LogInit: Initializing FReadOnlyCVARCache
[2018.09.05-11.13.05:468][  0]LogAIModule: Creating AISystem for world Untitled
[2018.09.05-11.13.05:483][  0]LogInit: XAudio2 using 'Speakers (Realtek High Definition Audio)' : 6 channels at 48 kHz using 32 bits per sample (channel mask 0x3f)
[2018.09.05-11.13.05:607][  0]LogInit: FAudioDevice initialized.
[2018.09.05-11.13.05:608][  0]LogNetVersion: Set ProjectVersion to 1.0.0.0. Version Checksum will be recalculated on next use.
[2018.09.05-11.13.05:738][  0]LogDerivedDataCache: Saved boot cache 0.13s 73MB C:/Users/unejo/AppData/Local/UnrealEngine/4.20/DerivedDataCache/Boot.ddc.
[2018.09.05-11.13.05:739][  0]LogInit: Texture streaming: Enabled
[2018.09.05-11.13.05:778][  0]LogEngineSessionManager: EngineSessionManager initialized
[2018.09.05-11.13.05:799][  0]LogInit: Transaction tracking system initialized
[2018.09.05-11.13.05:842][  0]BlueprintLog: New page: Editor Load
[2018.09.05-11.13.06:060][  0]LocalizationService: Localization service is disabled
[2018.09.05-11.13.06:423][  0]LogFileCache: Scanning file cache for directory 'C:/Users/unejo/Documents/H2018/Oving/BattleTank/BattleTank/Content/' took 0.01s
[2018.09.05-11.13.06:423][  0]LogCook: Display: Max memory allowance for cook 16384mb min free memory 0mb
[2018.09.05-11.13.06:423][  0]LogCook: Display: Mobile HDR setting 1
[2018.09.05-11.13.06:423][  0]LogGameplayTags: Display: UGameplayTagsManager::DoneAddingNativeTags. DelegateIsBound: 0
[2018.09.05-11.13.06:423][  0]LogStats: UGameplayTagsManager::ConstructGameplayTagTree: ImportINI prefixes -  0.000 s
[2018.09.05-11.13.06:423][  0]LogStats: UGameplayTagsManager::ConstructGameplayTagTree: Construct from data asset -  0.000 s
[2018.09.05-11.13.06:423][  0]LogStats: UGameplayTagsManager::ConstructGameplayTagTree: ImportINI -  0.000 s
[2018.09.05-11.13.06:423][  0]LogStats: UGameplayTagsManager::ConstructGameplayTagTree: GameplayTagTreeChangedEvent.Broadcast -  0.000 s
[2018.09.05-11.13.06:629][  0]SourceControl: Source control is disabled
[2018.09.05-11.13.06:629][  0]Cmd: MAP LOAD FILE="../../../Engine/Content/Maps/Templates/Template_Default.umap" TEMPLATE=1 SHOWPROGRESS=1 FEATURELEVEL=3
[2018.09.05-11.13.06:629][  0]LightingResults: New page: Lighting Build
[2018.09.05-11.13.06:634][  0]MapCheck: New page: Map Check
[2018.09.05-11.13.06:634][  0]LightingResults: New page: Lighting Build
[2018.09.05-11.13.06:915][  0]LogAIModule: Creating AISystem for world Untitled_1
[2018.09.05-11.13.06:925][  0]LogEditorServer: Finished looking for orphan Actors (0.000 secs)
[2018.09.05-11.13.06:951][  0]Cmd: MAP CHECKDEP NOCLEARLOG
[2018.09.05-11.13.07:062][  0]MapCheck: Map check complete: 0 Error(s), 0 Warning(s), took 109,933ms to complete.
[2018.09.05-11.13.07:062][  0]LogFileHelpers: Loading map 'Template_Default' took 0.433
[2018.09.05-11.13.07:206][  0]LogSlate: Updating window title bar state: overlay mode, drag disabled, window buttons hidden, title bar hidden
[2018.09.05-11.13.07:217][  0]LogSlate: Updating window title bar state: overlay mode, drag disabled, window buttons hidden, title bar hidden
[2018.09.05-11.13.07:228][  0]LogSlate: Updating window title bar state: overlay mode, drag disabled, window buttons hidden, title bar hidden
[2018.09.05-11.13.07:236][  0]LogSlate: Updating window title bar state: overlay mode, drag disabled, window buttons hidden, title bar hidden
[2018.09.05-11.13.07:249][  0]LogCollectionManager: Loaded 0 collections in 0.002240 seconds
[2018.09.05-11.13.07:306][  0]LogFileCache: Scanning file cache for directory 'C:/Users/unejo/Documents/H2018/Oving/BattleTank/BattleTank/Saved/Collections/' took 0.01s
[2018.09.05-11.13.07:306][  0]LogFileCache: Scanning file cache for directory 'C:/Users/unejo/Documents/H2018/Oving/BattleTank/BattleTank/Content/Developers/unejo/Collections/' took 0.01s
[2018.09.05-11.13.07:306][  0]LogFileCache: Scanning file cache for directory 'C:/Users/unejo/Documents/H2018/Oving/BattleTank/BattleTank/Content/Collections/' took 0.01s
[2018.09.05-11.13.07:306][  0]LogCollectionManager: Rebuilt the GUID cache for 0 collections in 0.000000 seconds
[2018.09.05-11.13.07:321][  0]LogContentBrowser: Native class hierarchy populated in 0.0138 seconds. Added 2573 classes and 605 folders.
[2018.09.05-11.13.07:335][  0]LogContentBrowser: Native class hierarchy updated for 'WidgetCarousel' in 0.0005 seconds. Added 0 classes and 0 folders.
[2018.09.05-11.13.07:471][  0]LogContentBrowser: Native class hierarchy updated for 'AddContentDialog' in 0.0005 seconds. Added 0 classes and 0 folders.
[2018.09.05-11.13.07:489][  0]LogContentBrowser: Native class hierarchy updated for 'SceneOutliner' in 0.0006 seconds. Added 1 classes and 2 folders.
[2018.09.05-11.13.07:533][  0]LogSlate: Took 0.000236 seconds to synchronously load lazily loaded font '../../../Engine/Content/Slate/Fonts/Roboto-Regular.ttf' (155K)
[2018.09.05-11.13.07:536][  0]LogSlate: Took 0.000292 seconds to synchronously load lazily loaded font '../../../Engine/Content/Slate/Fonts/Roboto-Bold.ttf' (160K)
[2018.09.05-11.13.07:548][  0]LogSlate: Took 0.001137 seconds to synchronously load lazily loaded font '../../../Engine/Content/Editor/Slate/Fonts/FontAwesome.ttf' (139K)
[2018.09.05-11.13.07:661][  0]LogRenderer: Reallocating scene render targets to support 556x576 Format 10 NumSamples 1 (Frame:1).
[2018.09.05-11.13.07:845][  0]LogContentBrowser: Native class hierarchy updated for 'HierarchicalLODOutliner' in 0.0004 seconds. Added 0 classes and 0 folders.
[2018.09.05-11.13.07:845][  0]LogLoad: (Engine Initialization) Total time: 12.67 seconds
[2018.09.05-11.13.07:845][  0]LogLoad: (Engine Initialization) Total Blueprint compile time: 0.00 seconds
[2018.09.05-11.13.07:871][  0]LogWindowsTextInputMethodSystem: Display: IME system now deactivated.
[2018.09.05-11.13.07:896][  0]LogContentStreaming: Texture pool size now 1000 MB
[2018.09.05-11.13.07:976][  1]LogAssetRegistry: Asset discovery search completed in 5.9750 seconds
[2018.09.05-11.13.07:977][  1]LogCollectionManager: Rebuilt the object cache for 0 collections in 0.000000 seconds (found 0 objects)
[2018.09.05-11.13.07:978][  1]LogCollectionManager: Fixed up redirectors for 0 collections in 0.000051 seconds (updated 0 objects)
[2018.09.05-11.14.18:015][662]LogEditorViewport: Clicking on Actor (LMB): StaticMeshActor (Floor)
[2018.09.05-11.14.34:308][ 68]LogSlate: FSceneViewport::OnFocusLost() reason 2
[2018.09.05-11.15.03:967][248]LogEditorViewport: Clicking on Actor (LMB): StaticMeshActor (Floor)
[2018.09.05-11.15.04:635][286]LogEditorViewport: Clicking on Actor (LMB): BP_Sky_Sphere_C (Sky Sphere)
[2018.09.05-11.15.07:211][438]LogSlate: FSceneViewport::OnFocusLost() reason 2
[2018.09.05-11.15.12:474][751]LogSlate: FSceneViewport::OnFocusLost() reason 2
[2018.09.05-11.15.37:939][751]LogSlate: Window 'Save Level As' being destroyed
[2018.09.05-11.15.38:070][751]LogSlate: Took 0.000281 seconds to synchronously load lazily loaded font '../../../Engine/Content/Slate/Fonts/Roboto-Light.ttf' (167K)
[2018.09.05-11.15.38:075][751]LogSlate: FSceneViewport::OnFocusLost() reason 2
[2018.09.05-11.15.38:095][751]Cmd: OBJ SAVEPACKAGE PACKAGE="/Game/BattleGround" FILE="../../../../../../Users/unejo/Documents/H2018/Oving/BattleTank/BattleTank/Content/BattleGround.umap" SILENT=true AUTOSAVING=false KEEPDIRTY=false
[2018.09.05-11.15.38:160][751]LogSavePackage: Moving '../../../../../../Users/unejo/Documents/H2018/Oving/BattleTank/BattleTank/Saved/BattleGround68A0DB3F45FD1EB97963049565063C2B.tmp' to '../../../../../../Users/unejo/Documents/H2018/Oving/BattleTank/BattleTank/Content/BattleGround.umap'
[2018.09.05-11.15.38:176][751]Cmd: OBJ SAVEPACKAGE PACKAGE="/Game/BattleGround_BuiltData" FILE="../../../../../../Users/unejo/Documents/H2018/Oving/BattleTank/BattleTank/Content/BattleGround_BuiltData.uasset" SILENT=true
[2018.09.05-11.15.38:195][751]LogSavePackage: Moving '../../../../../../Users/unejo/Documents/H2018/Oving/BattleTank/BattleTank/Saved/BattleGround_BuiltData88BFB5E442C4D4B60BEC2DA89B46E0E7.tmp' to '../../../../../../Users/unejo/Documents/H2018/Oving/BattleTank/BattleTank/Content/BattleGround_BuiltData.uasset'
[2018.09.05-11.15.38:205][751]LogFileHelpers: Saving map 'BattleGround' took 0.258
[2018.09.05-11.15.38:322][758]LogSlate: Took 0.000291 seconds to synchronously load lazily loaded font '../../../Engine/Content/Slate/Fonts/Roboto-Light.ttf' (167K)
[2018.09.05-11.15.49:627][835]LogSlate: FSceneViewport::OnFocusLost() reason 2
[2018.09.05-11.15.50:400][871]LogSlate: FSceneViewport::OnFocusLost() reason 2
[2018.09.05-11.15.51:812][955]LogSlate: FSceneViewport::OnFocusLost() reason 2
[2018.09.05-11.15.52:507][996]LogSlate: FSceneViewport::OnFocusLost() reason 2
[2018.09.05-11.15.52:525][996]LogSlate: FSceneViewport::OnFocusLost() reason 2
[2018.09.05-11.16.21:516][915]LogSlate: Only BGRA pngs, bmps or icos are supported in by External Image Picker
[2018.09.05-11.16.21:830][926]LogTemp: Executing iPhonePackager certificates Engine -bundlename com.YourCompany.BattleTank
[2018.09.05-11.16.21:830][926]LogTemp: CWD: C:\Program Files\Epic Games\UE_4.20\Engine\Binaries\DotNET\IOS
[2018.09.05-11.16.21:830][926]LogTemp: Initial Dir: C:\Program Files\Epic Games\UE_4.20
[2018.09.05-11.16.21:830][926]LogTemp: Env CWD: C:\Program Files\Epic Games\UE_4.20\Engine\Binaries\DotNET\IOS
[2018.09.05-11.16.21:830][926]LogTemp: BranchPath = MSI/C/Program Files/Epic Games/UE_4.20/Engine/Binaries --- GameBranchPath = MSI/C/Program Files/Epic Games/UE_4.20/Engine/Binaries
[2018.09.05-11.16.21:846][927]LogTemp: IPP ERROR: Could not find provision directory 'C:\Users\unejo\AppData\Local/Apple Computer/MobileDevice/Provisioning Profiles/'.
[2018.09.05-11.17.31:895][990]LogSlate: Window 'Project Settings' being destroyed
[2018.09.05-11.17.31:902][990]LogSlate: Window 'Project Settings' being destroyed
[2018.09.05-11.17.37:677][ 68]LogEditorViewport: Clicking on Actor (LMB): StaticMeshActor (Floor)
[2018.09.05-11.17.39:332][165]Cmd: DELETE
[2018.09.05-11.17.39:332][165]Cmd: ACTOR DELETE
[2018.09.05-11.17.39:339][165]LogEditorActor: Deleted Actor: StaticMeshActor
[2018.09.05-11.17.39:363][165]LogEditorActor: Deleted 1 Actors (0.029 secs)
[2018.09.05-11.17.58:275][300]LogSlate: FSceneViewport::OnFocusLost() reason 0
[2018.09.05-11.19.01:477][931]LogMaterial: Display: Missing cached shader map for material LayerVisMaterial, compiling. 
[2018.09.05-11.19.01:518][931]LogShaderCompilers: Display: Shaders left to compile 8
[2018.09.05-11.19.01:518][931]LogMaterial: Display: Missing cached shader map for material SelectBrushMaterial, compiling. 
[2018.09.05-11.19.01:548][931]LogShaderCompilers: Display: Shaders left to compile 20
[2018.09.05-11.19.01:548][931]LogShaderCompilers: Display: Shaders left to compile 10
[2018.09.05-11.19.01:548][931]LogMaterial: Display: Missing cached shader map for material SelectBrushMaterial, compiling. 
[2018.09.05-11.19.01:591][931]LogShaderCompilers: Display: Shaders left to compile 20
[2018.09.05-11.19.01:591][931]LogMaterial: Display: Missing cached shader map for material MaskBrushMaterial, compiling. 
[2018.09.05-11.19.01:646][931]LogMaterial: Display: Missing cached shader map for material LandscapeLayerUsageMaterial, compiling. 
[2018.09.05-11.19.01:696][931]LogMaterial: Display: Missing cached shader map for material CircleBrushMaterial, compiling. 
[2018.09.05-11.19.01:712][931]LogMaterial: Display: Missing cached shader map for material CircleBrushMaterial, compiling. 
[2018.09.05-11.19.01:732][931]LogMaterial: Display: Missing cached shader map for material CircleBrushMaterial, compiling. 
[2018.09.05-11.19.01:751][931]LogMaterial: Display: Missing cached shader map for material CircleBrushMaterial, compiling. 
[2018.09.05-11.19.01:775][931]LogMaterial: Display: Missing cached shader map for material AlphaBrushMaterial, compiling. 
[2018.09.05-11.19.01:799][931]LogMaterial: Display: Missing cached shader map for material CircleBrushMaterial, compiling. 
[2018.09.05-11.19.01:828][931]LogMaterial: Display: Missing cached shader map for material MaskBrushMaterial, compiling. 
[2018.09.05-11.19.01:849][931]LogTexture: Display: Building textures: Texture2D_2 (G8, 128X128)
[2018.09.05-11.19.02:391][959]LogEditorSelectUtils: Warning: SelectActor: The requested operation could not be completed because the actor has invalid flags. (Landscape)
[2018.09.05-11.19.02:391][959]LogActorComponent: RegisterComponentWithWorld: (/Game/BattleGround.BattleGround:PersistentLevel.Landscape_2.RootComponent0) Trying to register component with IsPendingKill() == true. Aborting.
[2018.09.05-11.19.02:392][959]LogEditorSelectUtils: Warning: SelectActor: The requested operation could not be completed because the actor has invalid flags. (Landscape)
[2018.09.05-11.19.04:643][ 94]LogShaderCompilers: Display: Shaders left to compile 178
[2018.09.05-11.19.05:991][175]LogShaderCompilers: Display: Shaders left to compile 168
[2018.09.05-11.19.06:040][177]LogShaderCompilers: Display: Shaders left to compile 158
[2018.09.05-11.19.06:096][181]LogShaderCompilers: Display: Shaders left to compile 148
[2018.09.05-11.19.08:454][320]LogShaderCompilers: Display: Shaders left to compile 138
[2018.09.05-11.19.09:324][371]LogShaderCompilers: Display: Shaders left to compile 128
[2018.09.05-11.19.09:720][395]LogShaderCompilers: Display: Shaders left to compile 118
[2018.09.05-11.19.09:830][401]LogShaderCompilers: Display: Shaders left to compile 108
[2018.09.05-11.19.12:371][554]LogShaderCompilers: Display: Shaders left to compile 98
[2018.09.05-11.19.13:218][604]LogShaderCompilers: Display: Shaders left to compile 88
[2018.09.05-11.19.13:524][623]LogShaderCompilers: Display: Shaders left to compile 78
[2018.09.05-11.19.13:641][630]LogShaderCompilers: Display: Shaders left to compile 68
[2018.09.05-11.19.16:202][783]LogShaderCompilers: Display: Shaders left to compile 58
[2018.09.05-11.19.16:944][827]LogShaderCompilers: Display: Shaders left to compile 48
[2018.09.05-11.19.17:403][855]LogShaderCompilers: Display: Shaders left to compile 38
[2018.09.05-11.19.17:426][856]LogShaderCompilers: Display: Shaders left to compile 28
[2018.09.05-11.19.19:952][  7]LogShaderCompilers: Display: Shaders left to compile 18
[2018.09.05-11.19.20:644][ 48]LogShaderCompilers: Display: Shaders left to compile 8
[2018.09.05-11.19.22:865][181]LogSlate: FSceneViewport::OnFocusLost() reason 0
[2018.09.05-11.19.23:114][189]LogTexture: Display: Building textures: Texture2D_0 (BGRA8, 512X512)
[2018.09.05-11.19.23:134][189]LogMaterial: Display: Missing cached shader map for material WorldGridMaterial, compiling. Is special engine material.
[2018.09.05-11.19.31:643][189]LogShaderCompilers: Display: Shaders left to compile 112
[2018.09.05-11.19.31:643][189]LogShaderCompilers: Display: Shaders left to compile 111
[2018.09.05-11.19.31:643][189]LogShaderCompilers: Display: Shaders left to compile 110
[2018.09.05-11.19.31:643][189]LogShaderCompilers: Display: Shaders left to compile 109
[2018.09.05-11.19.31:643][189]LogShaderCompilers: Display: Shaders left to compile 108
[2018.09.05-11.19.31:643][189]LogShaderCompilers: Display: Shaders left to compile 107
[2018.09.05-11.19.31:643][189]LogShaderCompilers: Display: Shaders left to compile 106
[2018.09.05-11.19.31:643][189]LogShaderCompilers: Display: Shaders left to compile 105
[2018.09.05-11.19.31:643][189]LogShaderCompilers: Display: Shaders left to compile 104
[2018.09.05-11.19.31:643][189]LogShaderCompilers: Display: Shaders left to compile 103
[2018.09.05-11.19.31:643][189]LogShaderCompilers: Display: Shaders left to compile 102
[2018.09.05-11.19.31:643][189]LogShaderCompilers: Display: Shaders left to compile 101
[2018.09.05-11.19.31:643][189]LogShaderCompilers: Display: Shaders left to compile 100
[2018.09.05-11.19.31:643][189]LogShaderCompilers: Display: Shaders left to compile 99
[2018.09.05-11.19.31:643][189]LogShaderCompilers: Display: Shaders left to compile 98
[2018.09.05-11.19.31:643][189]LogShaderCompilers: Display: Shaders left to compile 97
[2018.09.05-11.19.31:643][189]LogShaderCompilers: Display: Shaders left to compile 96
[2018.09.05-11.19.31:643][189]LogShaderCompilers: Display: Shaders left to compile 95
[2018.09.05-11.19.31:643][189]LogShaderCompilers: Display: Shaders left to compile 94
[2018.09.05-11.19.31:643][189]LogShaderCompilers: Display: Shaders left to compile 93
[2018.09.05-11.19.31:643][189]LogShaderCompilers: Display: Shaders left to compile 92
[2018.09.05-11.19.31:643][189]LogShaderCompilers: Display: Shaders left to compile 91
[2018.09.05-11.19.31:643][189]LogShaderCompilers: Display: Shaders left to compile 90
[2018.09.05-11.19.31:643][189]LogShaderCompilers: Display: Shaders left to compile 89
[2018.09.05-11.19.31:643][189]LogShaderCompilers: Display: Shaders left to compile 88
[2018.09.05-11.19.31:643][189]LogShaderCompilers: Display: Shaders left to compile 87
[2018.09.05-11.19.31:643][189]LogShaderCompilers: Display: Shaders left to compile 86
[2018.09.05-11.19.31:643][189]LogShaderCompilers: Display: Shaders left to compile 85
[2018.09.05-11.19.31:643][189]LogShaderCompilers: Display: Shaders left to compile 84
[2018.09.05-11.19.31:643][189]LogShaderCompilers: Display: Shaders left to compile 83
[2018.09.05-11.19.31:643][189]LogShaderCompilers: Display: Shaders left to compile 82
[2018.09.05-11.19.31:643][189]LogShaderCompilers: Display: Shaders left to compile 81
[2018.09.05-11.19.31:643][189]LogShaderCompilers: Display: Shaders left to compile 80
[2018.09.05-11.19.31:643][189]LogShaderCompilers: Display: Shaders left to compile 79
[2018.09.05-11.19.31:643][189]LogShaderCompilers: Display: Shaders left to compile 78
[2018.09.05-11.19.31:643][189]LogShaderCompilers: Display: Shaders left to compile 77
[2018.09.05-11.19.31:643][189]LogShaderCompilers: Display: Shaders left to compile 76
[2018.09.05-11.19.31:643][189]LogShaderCompilers: Display: Shaders left to compile 75
[2018.09.05-11.19.31:643][189]LogShaderCompilers: Display: Shaders left to compile 74
[2018.09.05-11.19.31:643][189]LogShaderCompilers: Display: Shaders left to compile 73
[2018.09.05-11.19.31:643][189]LogShaderCompilers: Display: Shaders left to compile 72
[2018.09.05-11.19.31:644][189]LogShaderCompilers: Display: Shaders left to compile 71
[2018.09.05-11.19.31:644][189]LogShaderCompilers: Display: Shaders left to compile 70
[2018.09.05-11.19.31:644][189]LogShaderCompilers: Display: Shaders left to compile 69
[2018.09.05-11.19.31:644][189]LogShaderCompilers: Display: Shaders left to compile 68
[2018.09.05-11.19.31:644][189]LogShaderCompilers: Display: Shaders left to compile 67
[2018.09.05-11.19.31:644][189]LogShaderCompilers: Display: Shaders left to compile 66
[2018.09.05-11.19.31:644][189]LogShaderCompilers: Display: Shaders left to compile 65
[2018.09.05-11.19.31:644][189]LogShaderCompilers: Display: Shaders left to compile 64
[2018.09.05-11.19.31:644][189]LogShaderCompilers: Display: Shaders left to compile 63
[2018.09.05-11.19.31:644][189]LogShaderCompilers: Display: Shaders left to compile 62
[2018.09.05-11.19.31:644][189]LogShaderCompilers: Display: Shaders left to compile 61
[2018.09.05-11.19.31:644][189]LogShaderCompilers: Display: Shaders left to compile 60
[2018.09.05-11.19.31:644][189]LogShaderCompilers: Display: Shaders left to compile 59
[2018.09.05-11.19.31:644][189]LogShaderCompilers: Display: Shaders left to compile 58
[2018.09.05-11.19.31:644][189]LogShaderCompilers: Display: Shaders left to compile 57
[2018.09.05-11.19.31:644][189]LogShaderCompilers: Display: Shaders left to compile 56
[2018.09.05-11.19.31:644][189]LogShaderCompilers: Display: Shaders left to compile 55
[2018.09.05-11.19.31:644][189]LogShaderCompilers: Display: Shaders left to compile 54
[2018.09.05-11.19.31:644][189]LogShaderCompilers: Display: Shaders left to compile 53
[2018.09.05-11.19.31:644][189]LogShaderCompilers: Display: Shaders left to compile 52
[2018.09.05-11.19.31:644][189]LogShaderCompilers: Display: Shaders left to compile 51
[2018.09.05-11.19.31:644][189]LogShaderCompilers: Display: Shaders left to compile 50
[2018.09.05-11.19.31:644][189]LogShaderCompilers: Display: Shaders left to compile 49
[2018.09.05-11.19.31:644][189]LogShaderCompilers: Display: Shaders left to compile 48
[2018.09.05-11.19.31:644][189]LogShaderCompilers: Display: Shaders left to compile 47
[2018.09.05-11.19.31:644][189]LogShaderCompilers: Display: Shaders left to compile 46
[2018.09.05-11.19.31:644][189]LogShaderCompilers: Display: Shaders left to compile 45
[2018.09.05-11.19.31:644][189]LogShaderCompilers: Display: Shaders left to compile 44
[2018.09.05-11.19.31:644][189]LogShaderCompilers: Display: Shaders left to compile 43
[2018.09.05-11.19.31:644][189]LogShaderCompilers: Display: Shaders left to compile 42
[2018.09.05-11.19.31:644][189]LogShaderCompilers: Display: Shaders left to compile 41
[2018.09.05-11.19.31:644][189]LogShaderCompilers: Display: Shaders left to compile 40
[2018.09.05-11.19.31:644][189]LogShaderCompilers: Display: Shaders left to compile 39
[2018.09.05-11.19.31:644][189]LogShaderCompilers: Display: Shaders left to compile 38
[2018.09.05-11.19.31:644][189]LogShaderCompilers: Display: Shaders left to compile 37
[2018.09.05-11.19.31:644][189]LogShaderCompilers: Display: Shaders left to compile 36
[2018.09.05-11.19.31:644][189]LogShaderCompilers: Display: Shaders left to compile 35
[2018.09.05-11.19.31:644][189]LogShaderCompilers: Display: Shaders left to compile 34
[2018.09.05-11.19.31:644][189]LogShaderCompilers: Display: Shaders left to compile 33
[2018.09.05-11.19.31:644][189]LogShaderCompilers: Display: Shaders left to compile 32
[2018.09.05-11.19.31:644][189]LogShaderCompilers: Display: Shaders left to compile 31
[2018.09.05-11.19.31:644][189]LogShaderCompilers: Display: Shaders left to compile 30
[2018.09.05-11.19.31:644][189]LogShaderCompilers: Display: Shaders left to compile 29
[2018.09.05-11.19.31:644][189]LogShaderCompilers: Display: Shaders left to compile 28
[2018.09.05-11.19.31:644][189]LogShaderCompilers: Display: Shaders left to compile 27
[2018.09.05-11.19.31:644][189]LogShaderCompilers: Display: Shaders left to compile 26
[2018.09.05-11.19.31:644][189]LogShaderCompilers: Display: Shaders left to compile 25
[2018.09.05-11.19.31:644][189]LogShaderCompilers: Display: Shaders left to compile 24
[2018.09.05-11.19.31:644][189]LogShaderCompilers: Display: Shaders left to compile 23
[2018.09.05-11.19.31:644][189]LogShaderCompilers: Display: Shaders left to compile 22
[2018.09.05-11.19.31:644][189]LogShaderCompilers: Display: Shaders left to compile 21
[2018.09.05-11.19.31:644][189]LogShaderCompilers: Display: Shaders left to compile 20
[2018.09.05-11.19.31:644][189]LogShaderCompilers: Display: Shaders left to compile 19
[2018.09.05-11.19.31:644][189]LogShaderCompilers: Display: Shaders left to compile 18
[2018.09.05-11.19.31:644][189]LogShaderCompilers: Display: Shaders left to compile 17
[2018.09.05-11.19.31:644][189]LogShaderCompilers: Display: Shaders left to compile 16
[2018.09.05-11.19.31:644][189]LogShaderCompilers: Display: Shaders left to compile 15
[2018.09.05-11.19.31:644][189]LogShaderCompilers: Display: Shaders left to compile 14
[2018.09.05-11.19.31:644][189]LogShaderCompilers: Display: Shaders left to compile 13
[2018.09.05-11.19.31:644][189]LogShaderCompilers: Display: Shaders left to compile 12
[2018.09.05-11.19.31:644][189]LogShaderCompilers: Display: Shaders left to compile 11
[2018.09.05-11.19.31:644][189]LogShaderCompilers: Display: Shaders left to compile 10
[2018.09.05-11.19.31:644][189]LogShaderCompilers: Display: Shaders left to compile 9
[2018.09.05-11.19.31:644][189]LogShaderCompilers: Display: Shaders left to compile 8
[2018.09.05-11.19.31:644][189]LogShaderCompilers: Display: Shaders left to compile 7
[2018.09.05-11.19.31:644][189]LogShaderCompilers: Display: Shaders left to compile 6
[2018.09.05-11.19.31:645][189]LogShaderCompilers: Display: Shaders left to compile 5
[2018.09.05-11.19.31:645][189]LogShaderCompilers: Display: Shaders left to compile 4
[2018.09.05-11.19.31:645][189]LogShaderCompilers: Display: Shaders left to compile 3
[2018.09.05-11.19.31:645][189]LogShaderCompilers: Display: Shaders left to compile 2
[2018.09.05-11.19.31:645][189]LogShaderCompilers: Display: Shaders left to compile 1
[2018.09.05-11.19.54:160][ 43]Cmd: DELETE
[2018.09.05-11.19.54:160][ 43]Cmd: ACTOR DELETE
[2018.09.05-11.19.54:164][ 43]LogEditorActor: Deleted Actor: Landscape
[2018.09.05-11.19.54:257][ 43]LogEditorActor: Deleted 1 Actors (0.097 secs)
[2018.09.05-11.20.02:383][528]LogTexture: Display: Building textures: Texture2D_3 (G8, 128X128)
[2018.09.05-11.21.30:997][670]LogSlate: Window 'Save Content' being destroyed
[2018.09.05-11.21.31:155][670]Cmd: OBJ SAVEPACKAGE PACKAGE="/Game/BattleGround" FILE="../../../../../../Users/unejo/Documents/H2018/Oving/BattleTank/BattleTank/Content/BattleGround.umap" SILENT=true AUTOSAVING=false KEEPDIRTY=false
[2018.09.05-11.21.31:256][670]LogSavePackage: Moving '../../../../../../Users/unejo/Documents/H2018/Oving/BattleTank/BattleTank/Saved/BattleGroundD28D1458456EC6B929A992B98044EC34.tmp' to '../../../../../../Users/unejo/Documents/H2018/Oving/BattleTank/BattleTank/Content/BattleGround.umap'
[2018.09.05-11.21.31:277][670]LogFileHelpers: Saving map 'BattleGround' took 0.244
[2018.09.05-11.21.31:316][670]LogSlate: Window 'BattleTank - Unreal Editor' being destroyed
[2018.09.05-11.21.31:490][671]Cmd: QUIT_EDITOR
[2018.09.05-11.21.31:517][671]LogWindowsTextInputMethodSystem: Display: IME system now deactivated.
[2018.09.05-11.21.31:531][671]LogExit: Preparing to exit.
[2018.09.05-11.21.31:868][671]LogExit: Editor shut down
[2018.09.05-11.21.31:868][671]LogExit: Transaction tracking system shut down
[2018.09.05-11.21.32:359][671]LogExit: Object subsystem successfully closed.
[2018.09.05-11.21.32:390][671]LogShaderCompilers: Display: Shaders left to compile 0
[2018.09.05-11.21.32:395][671]LogD3D11RHI: Shutdown
[2018.09.05-11.21.32:395][671]LogD3D11RHI: CleanupD3DDevice
[2018.09.05-11.21.32:397][671]LogD3D11RHI: ~FD3D11DynamicRHI
[2018.09.05-11.21.32:436][671]LogModuleManager: Shutting down and abandoning module ExternalImagePicker (616)
[2018.09.05-11.21.32:436][671]LogModuleManager: Shutting down and abandoning module HierarchicalLODOutliner (614)
[2018.09.05-11.21.32:436][671]LogModuleManager: Shutting down and abandoning module SceneOutliner (612)
[2018.09.05-11.21.32:436][671]LogModuleManager: Shutting down and abandoning module AddContentDialog (610)
[2018.09.05-11.21.32:437][671]LogModuleManager: Shutting down and abandoning module WidgetCarousel (609)
[2018.09.05-11.21.32:437][671]LogModuleManager: Shutting down and abandoning module EditorWidgets (606)
[2018.09.05-11.21.32:437][671]LogModuleManager: Shutting down and abandoning module CollectionManager (604)
[2018.09.05-11.21.32:437][671]LogModuleManager: Shutting down and abandoning module HierarchicalLODUtilities (602)
[2018.09.05-11.21.32:437][671]LogModuleManager: Shutting down and abandoning module StatsViewer (600)
[2018.09.05-11.21.32:437][671]LogModuleManager: Shutting down and abandoning module FoliageEdit (598)
[2018.09.05-11.21.32:437][671]LogModuleManager: Shutting down and abandoning module LandscapeEditor (596)
[2018.09.05-11.21.32:437][671]LogModuleManager: Shutting down and abandoning module MeshPaintMode (594)
[2018.09.05-11.21.32:437][671]LogModuleManager: Shutting down and abandoning module SceneDepthPickerMode (592)
[2018.09.05-11.21.32:437][671]LogModuleManager: Shutting down and abandoning module ActorPickerMode (590)
[2018.09.05-11.21.32:438][671]LogModuleManager: Shutting down and abandoning module GeometryMode (588)
[2018.09.05-11.21.32:438][671]LogModuleManager: Shutting down and abandoning module TextureAlignMode (586)
[2018.09.05-11.21.32:438][671]LogModuleManager: Shutting down and abandoning module BspMode (584)
[2018.09.05-11.21.32:438][671]LogModuleManager: Shutting down and abandoning module PIEPreviewDeviceProfileSelector (582)
[2018.09.05-11.21.32:438][671]LogModuleManager: Shutting down and abandoning module SequenceRecorderSections (580)
[2018.09.05-11.21.32:438][671]LogModuleManager: Shutting down and abandoning module AutomationWorker (578)
[2018.09.05-11.21.32:438][671]LogModuleManager: Shutting down and abandoning module AudioCaptureEditor (576)
[2018.09.05-11.21.32:438][671]LogModuleManager: Shutting down and abandoning module SequenceRecorder (575)
[2018.09.05-11.21.32:438][671]LogModuleManager: Shutting down and abandoning module MatineeToLevelSequence (572)
[2018.09.05-11.21.32:438][671]LogModuleManager: Shutting down and abandoning module LevelSequenceEditor (570)
[2018.09.05-11.21.32:438][671]LogModuleManager: Shutting down and abandoning module PlacementMode (569)
[2018.09.05-11.21.32:438][671]LogModuleManager: Shutting down and abandoning module MaterialEditor (568)
[2018.09.05-11.21.32:438][671]LogModuleManager: Shutting down and abandoning module WmfMediaFactory (564)
[2018.09.05-11.21.32:438][671]LogModuleManager: Shutting down and abandoning module WmfMediaEditor (562)
[2018.09.05-11.21.32:438][671]LogModuleManager: Shutting down and abandoning module MediaPlayerEditor (560)
[2018.09.05-11.21.32:438][671]LogModuleManager: Shutting down and abandoning module OpenExrWrapper (558)
[2018.09.05-11.21.32:438][671]LogModuleManager: Shutting down and abandoning module ImgMediaFactory (556)
[2018.09.05-11.21.32:438][671]LogModuleManager: Shutting down and abandoning module ImgMediaEditor (554)
[2018.09.05-11.21.32:438][671]LogModuleManager: Shutting down and abandoning module AvfMediaFactory (552)
[2018.09.05-11.21.32:438][671]LogModuleManager: Shutting down and abandoning module AvfMediaEditor (550)
[2018.09.05-11.21.32:438][671]LogModuleManager: Shutting down and abandoning module AndroidMediaFactory (548)
[2018.09.05-11.21.32:438][671]LogModuleManager: Shutting down and abandoning module AndroidMediaEditor (546)
[2018.09.05-11.21.32:438][671]LogModuleManager: Shutting down and abandoning module MagicLeapCameraPreviewFactory (544)
[2018.09.05-11.21.32:438][671]LogModuleManager: Shutting down and abandoning module MagicLeapMediaFactory (542)
[2018.09.05-11.21.32:438][671]LogModuleManager: Shutting down and abandoning module MagicLeapMediaEditor (540)
[2018.09.05-11.21.32:438][671]LogModuleManager: Shutting down and abandoning module CharacterAI (538)
[2018.09.05-11.21.32:438][671]LogModuleManager: Shutting down and abandoning module SmartSnapping (536)
[2018.09.05-11.21.32:438][671]LogModuleManager: Shutting down and abandoning module SessionServices (534)
[2018.09.05-11.21.32:438][671]LogModuleManager: Shutting down and abandoning module ViewportSnapping (532)
[2018.09.05-11.21.32:438][671]LogModuleManager: Shutting down and abandoning module ViewportInteraction (530)
[2018.09.05-11.21.32:438][671]LogModuleManager: Shutting down and abandoning module ClothPainter (528)
[2018.09.05-11.21.32:438][671]LogModuleManager: Shutting down and abandoning module SkeletalMeshEditor (527)
[2018.09.05-11.21.32:438][671]LogModuleManager: Shutting down and abandoning module LogVisualizer (524)
[2018.09.05-11.21.32:439][671]LogModuleManager: Shutting down and abandoning module IntroTutorials (522)
[2018.09.05-11.21.32:439][671]LogModuleManager: Shutting down and abandoning module GameProjectGeneration (521)
[2018.09.05-11.21.32:439][671]LogModuleManager: Shutting down and abandoning module LuminPlatformEditor (518)
[2018.09.05-11.21.32:439][671]LogModuleManager: Shutting down and abandoning module IOSPlatformEditor (516)
[2018.09.05-11.21.32:439][671]LogModuleManager: Shutting down and abandoning module HTML5PlatformEditor (514)
[2018.09.05-11.21.32:439][671]LogModuleManager: Shutting down and abandoning module AndroidPlatformEditor (512)
[2018.09.05-11.21.32:439][671]LogModuleManager: Shutting down and abandoning module AndroidDeviceDetection (511)
[2018.09.05-11.21.33:404][671]LogModuleManager: Shutting down and abandoning module WindowsPlatformEditor (508)
[2018.09.05-11.21.33:405][671]LogModuleManager: Shutting down and abandoning module LuminRuntimeSettings (506)
[2018.09.05-11.21.33:405][671]LogModuleManager: Shutting down and abandoning module IOSRuntimeSettings (504)
[2018.09.05-11.21.33:405][671]LogModuleManager: Shutting down and abandoning module AndroidRuntimeSettings (502)
[2018.09.05-11.21.33:405][671]LogModuleManager: Shutting down and abandoning module InputBindingEditor (500)
[2018.09.05-11.21.33:405][671]LogModuleManager: Shutting down and abandoning module MergeActors (498)
[2018.09.05-11.21.33:405][671]LogModuleManager: Shutting down and abandoning module LocalizationDashboard (496)
[2018.09.05-11.21.33:405][671]LogModuleManager: Shutting down and abandoning module LocalizationService (495)
[2018.09.05-11.21.33:405][671]LogModuleManager: Shutting down and abandoning module HardwareTargeting (492)
[2018.09.05-11.21.33:405][671]LogModuleManager: Shutting down and abandoning module DeviceProfileEditor (490)
[2018.09.05-11.21.33:405][671]LogModuleManager: Shutting down and abandoning module UndoHistory (488)
[2018.09.05-11.21.33:405][671]LogModuleManager: Shutting down and abandoning module XmlParser (486)
[2018.09.05-11.21.33:405][671]LogModuleManager: Shutting down and abandoning module Blutility (484)
[2018.09.05-11.21.33:405][671]LogModuleManager: Shutting down and abandoning module ProjectSettingsViewer (482)
[2018.09.05-11.21.33:405][671]LogModuleManager: Shutting down and abandoning module ProjectTargetPlatformEditor (481)
[2018.09.05-11.21.33:405][671]LogModuleManager: Shutting down and abandoning module EditorSettingsViewer (478)
[2018.09.05-11.21.33:405][671]LogModuleManager: Shutting down and abandoning module SettingsEditor (476)
[2018.09.05-11.21.33:405][671]LogModuleManager: Shutting down and abandoning module ProjectLauncher (474)
[2018.09.05-11.21.33:405][671]LogModuleManager: Shutting down and abandoning module SessionFrontend (472)
[2018.09.05-11.21.33:405][671]LogModuleManager: Shutting down and abandoning module ProfilerClient (470)
[2018.09.05-11.21.33:405][671]LogModuleManager: Shutting down and abandoning module DeviceManager (468)
[2018.09.05-11.21.33:405][671]LogModuleManager: Shutting down and abandoning module TargetDeviceServices (467)
[2018.09.05-11.21.33:459][671]LogModuleManager: Shutting down and abandoning module AutomationController (464)
[2018.09.05-11.21.33:459][671]LogModuleManager: Shutting down and abandoning module AutomationWindow (462)
[2018.09.05-11.21.33:459][671]LogModuleManager: Shutting down and abandoning module Layers (460)
[2018.09.05-11.21.33:459][671]LogModuleManager: Shutting down and abandoning module ComponentVisualizers (458)
[2018.09.05-11.21.33:459][671]LogModuleManager: Shutting down and abandoning module DetailCustomizations (456)
[2018.09.05-11.21.33:459][671]LogModuleManager: Shutting down and abandoning module PackagesDialog (454)
[2018.09.05-11.21.33:459][671]LogModuleManager: Shutting down and abandoning module Persona (452)
[2018.09.05-11.21.33:459][671]LogModuleManager: Shutting down and abandoning module AdvancedPreviewScene (451)
[2018.09.05-11.21.33:459][671]LogModuleManager: Shutting down and abandoning module AnimGraph (449)
[2018.09.05-11.21.33:459][671]LogModuleManager: Shutting down and abandoning module Kismet (446)
[2018.09.05-11.21.33:459][671]LogModuleManager: Shutting down and abandoning module GraphEditor (444)
[2018.09.05-11.21.33:459][671]LogModuleManager: Shutting down and abandoning module ClassViewer (442)
[2018.09.05-11.21.33:460][671]LogModuleManager: Shutting down and abandoning module Toolbox (440)
[2018.09.05-11.21.33:460][671]LogModuleManager: Shutting down and abandoning module DesktopPlatform (439)
[2018.09.05-11.21.33:460][671]LogModuleManager: Shutting down and abandoning module ModuleUI (436)
[2018.09.05-11.21.33:460][671]LogModuleManager: Shutting down and abandoning module MovieSceneTools (434)
[2018.09.05-11.21.33:461][671]LogModuleManager: Shutting down and abandoning module OutputLog (432)
[2018.09.05-11.21.33:461][671]LogModuleManager: Shutting down and abandoning module GammaUI (430)
[2018.09.05-11.21.33:461][671]LogModuleManager: Shutting down and abandoning module Documentation (428)
[2018.09.05-11.21.33:461][671]LogModuleManager: Shutting down and abandoning module MovieSceneTracks (426)
[2018.09.05-11.21.33:461][671]LogModuleManager: Shutting down and abandoning module MovieScene (424)
[2018.09.05-11.21.33:461][671]LogModuleManager: Shutting down and abandoning module StreamingPauseRendering (422)
[2018.09.05-11.21.33:461][671]LogModuleManager: Shutting down and abandoning module LauncherPlatform (420)
[2018.09.05-11.21.33:461][671]LogModuleManager: Shutting down and abandoning module AnalyticsET (418)
[2018.09.05-11.21.33:461][671]LogModuleManager: Shutting down and abandoning module PortalServices (416)
[2018.09.05-11.21.33:461][671]LogModuleManager: Shutting down and abandoning module PortalRpc (414)
[2018.09.05-11.21.33:461][671]LogModuleManager: Shutting down and abandoning module MessagingRpc (412)
[2018.09.05-11.21.33:461][671]LogModuleManager: Shutting down and abandoning module AIModule (410)
[2018.09.05-11.21.33:461][671]LogModuleManager: Shutting down and abandoning module GameplayDebugger (409)
[2018.09.05-11.21.33:461][671]LogModuleManager: Shutting down and abandoning module AITestSuite (407)
[2018.09.05-11.21.33:461][671]LogModuleManager: Shutting down and abandoning module NavigationSystem (405)
[2018.09.05-11.21.33:461][671]LogModuleManager: Shutting down and abandoning module ProfilerService (402)
[2018.09.05-11.21.33:549][671]LogModuleManager: Shutting down and abandoning module TaskGraph (400)
[2018.09.05-11.21.33:549][671]LogModuleManager: Shutting down and abandoning module SteamVRController (398)
[2018.09.05-11.21.33:549][671]LogModuleManager: Shutting down and abandoning module ProceduralMeshComponentEditor (396)
[2018.09.05-11.21.33:549][671]LogModuleManager: Shutting down and abandoning module ProceduralMeshComponent (394)
[2018.09.05-11.21.33:549][671]LogModuleManager: Shutting down and abandoning module OculusInput (392)
[2018.09.05-11.21.33:549][671]LogModuleManager: Shutting down and abandoning module MobilePatchingUtils (390)
[2018.09.05-11.21.33:549][671]LogModuleManager: Shutting down and abandoning module EditableMesh (388)
[2018.09.05-11.21.33:549][671]LogModuleManager: Shutting down and abandoning module CustomMeshComponent (386)
[2018.09.05-11.21.33:549][671]LogModuleManager: Shutting down and abandoning module CableComponent (384)
[2018.09.05-11.21.33:550][671]LogModuleManager: Shutting down and abandoning module AudioCapture (382)
[2018.09.05-11.21.33:550][671]LogModuleManager: Shutting down and abandoning module ArchVisCharacter (380)
[2018.09.05-11.21.33:550][671]LogModuleManager: Shutting down and abandoning module AndroidPermission (378)
[2018.09.05-11.21.33:550][671]LogModuleManager: Shutting down and abandoning module NUTUnrealEngine4 (376)
[2018.09.05-11.21.33:550][671]LogModuleManager: Shutting down and abandoning module NetcodeUnitTest (374)
[2018.09.05-11.21.33:550][671]LogModuleManager: Shutting down and abandoning module MediaCompositingEditor (372)
[2018.09.05-11.21.33:550][671]LogModuleManager: Shutting down and abandoning module MediaCompositing (370)
[2018.09.05-11.21.33:550][671]LogModuleManager: Shutting down and abandoning module LinearTimecode (368)
[2018.09.05-11.21.33:550][671]LogModuleManager: Shutting down and abandoning module ImgMedia (366)
[2018.09.05-11.21.33:556][671]LogModuleManager: Shutting down and abandoning module HTML5Networking (364)
[2018.09.05-11.21.33:556][671]LogModuleManager: Shutting down and abandoning module GeometryCacheTracks (362)
[2018.09.05-11.21.33:556][671]LogModuleManager: Shutting down and abandoning module GeometryCacheSequencer (360)
[2018.09.05-11.21.33:556][671]LogModuleManager: Shutting down and abandoning module BackChannel (358)
[2018.09.05-11.21.33:556][671]LogModuleManager: Shutting down and abandoning module AppleVision (356)
[2018.09.05-11.21.33:556][671]LogModuleManager: Shutting down and abandoning module AppleImageUtils (354)
[2018.09.05-11.21.33:556][671]LogModuleManager: Shutting down and abandoning module AlembicImporter (352)
[2018.09.05-11.21.33:556][671]LogModuleManager: Shutting down and abandoning module AlembicLibrary (351)
[2018.09.05-11.21.33:556][671]LogModuleManager: Shutting down and abandoning module GeometryCache (350)
[2018.09.05-11.21.33:556][671]LogModuleManager: Shutting down and abandoning module GeometryCacheEd (349)
[2018.09.05-11.21.33:556][671]LogModuleManager: Shutting down and abandoning module DatasmithContentEditor (344)
[2018.09.05-11.21.33:556][671]LogModuleManager: Shutting down and abandoning module DatasmithContent (342)
[2018.09.05-11.21.33:557][671]LogModuleManager: Shutting down and abandoning module SpeedTreeImporter (340)
[2018.09.05-11.21.33:557][671]LogModuleManager: Shutting down and abandoning module PluginBrowser (338)
[2018.09.05-11.21.33:557][671]LogModuleManager: Shutting down and abandoning module MobileLauncherProfileWizard (336)
[2018.09.05-11.21.33:557][671]LogModuleManager: Shutting down and abandoning module PolygonModeling (334)
[2018.09.05-11.21.33:557][671]LogModuleManager: Shutting down and abandoning module MeshEditor (332)
[2018.09.05-11.21.33:557][671]LogModuleManager: Shutting down and abandoning module CryptoKeysOpenSSL (330)
[2018.09.05-11.21.33:557][671]LogModuleManager: Shutting down and abandoning module CryptoKeys (328)
[2018.09.05-11.21.33:557][671]LogModuleManager: Shutting down and abandoning module VisualStudioSourceCodeAccess (326)
[2018.09.05-11.21.33:557][671]LogModuleManager: Shutting down and abandoning module VisualStudioCodeSourceCodeAccess (324)
[2018.09.05-11.21.33:557][671]LogModuleManager: Shutting down and abandoning module UObjectPlugin (322)
[2018.09.05-11.21.33:557][671]LogModuleManager: Shutting down and abandoning module SubversionSourceControl (320)
[2018.09.05-11.21.33:557][671]LogModuleManager: Shutting down and abandoning module PerforceSourceControl (318)
[2018.09.05-11.21.33:557][671]LogModuleManager: Shutting down and abandoning module GitSourceControl (316)
[2018.09.05-11.21.33:557][671]LogModuleManager: Shutting down and abandoning module SourceControl (315)
[2018.09.05-11.21.33:557][671]LogModuleManager: Shutting down and abandoning module CLionSourceCodeAccess (312)
[2018.09.05-11.21.33:557][671]LogModuleManager: Shutting down and abandoning module LightPropagationVolumeEditor (310)
[2018.09.05-11.21.33:557][671]LogModuleManager: Shutting down and abandoning module PaperTiledImporter (308)
[2018.09.05-11.21.33:557][671]LogModuleManager: Shutting down and abandoning module PaperSpriteSheetImporter (306)
[2018.09.05-11.21.33:557][671]LogModuleManager: Shutting down and abandoning module Paper2DEditor (304)
[2018.09.05-11.21.33:557][671]LogModuleManager: Shutting down and abandoning module MeshPaint (303)
[2018.09.05-11.21.33:558][671]LogModuleManager: Shutting down and abandoning module BattleTank (300)
[2018.09.05-11.21.33:558][671]LogModuleManager: Shutting down and abandoning module RuntimePhysXCooking (298)
[2018.09.05-11.21.33:558][671]LogModuleManager: Shutting down and abandoning module PhysXVehiclesEditor (296)
[2018.09.05-11.21.33:558][671]LogModuleManager: Shutting down and abandoning module PhysXVehicles (294)
[2018.09.05-11.21.33:558][671]LogModuleManager: Shutting down and abandoning module OculusEditor (292)
[2018.09.05-11.21.33:558][671]LogModuleManager: Shutting down and abandoning module LocationServicesBPLibrary (290)
[2018.09.05-11.21.33:558][671]LogModuleManager: Shutting down and abandoning module ImmediatePhysicsEditor (288)
[2018.09.05-11.21.33:558][671]LogModuleManager: Shutting down and abandoning module ImmediatePhysics (286)
[2018.09.05-11.21.33:558][671]LogModuleManager: Shutting down and abandoning module ActorSequence (284)
[2018.09.05-11.21.33:558][671]LogModuleManager: Shutting down and abandoning module UdpMessaging (282)
[2018.09.05-11.21.33:659][671]LogModuleManager: Shutting down and abandoning module TcpMessaging (280)
[2018.09.05-11.21.33:759][671]LogModuleManager: Shutting down and abandoning module MagicLeapAudio (278)
[2018.09.05-11.21.33:759][671]LogModuleManager: Shutting down and abandoning module GameplayTagsEditor (276)
[2018.09.05-11.21.33:759][671]LogModuleManager: Shutting down and abandoning module FacialAnimationEditor (274)
[2018.09.05-11.21.33:759][671]LogModuleManager: Shutting down and abandoning module FacialAnimation (272)
[2018.09.05-11.21.33:759][671]LogModuleManager: Shutting down and abandoning module DataValidation (270)
[2018.09.05-11.21.33:759][671]LogModuleManager: Shutting down and abandoning module AssetManagerEditor (268)
[2018.09.05-11.21.33:759][671]LogModuleManager: Shutting down and abandoning module LevelEditor (267)
[2018.09.05-11.21.33:760][671]LogModuleManager: Shutting down and abandoning module PixelInspectorModule (266)
[2018.09.05-11.21.33:760][671]LogModuleManager: Shutting down and abandoning module CommonMenuExtensions (264)
[2018.09.05-11.21.33:760][671]LogModuleManager: Shutting down and abandoning module MainFrame (262)
[2018.09.05-11.21.33:760][671]LogModuleManager: Shutting down and abandoning module HotReload (261)
[2018.09.05-11.21.33:761][671]LogModuleManager: Shutting down and abandoning module ContentBrowser (257)
[2018.09.05-11.21.33:762][671]LogModuleManager: Shutting down and abandoning module TreeMap (255)
[2018.09.05-11.21.33:762][671]LogModuleManager: Shutting down and abandoning module LightPropagationVolumeRuntime (252)
[2018.09.05-11.21.33:762][671]LogModuleManager: Shutting down and abandoning module AISupportModule (250)
[2018.09.05-11.21.33:762][671]LogModuleManager: Shutting down and abandoning module Paper2D (248)
[2018.09.05-11.21.33:762][671]LogModuleManager: Shutting down and abandoning module WindowsMoviePlayer (246)
[2018.09.05-11.21.33:762][671]LogModuleManager: Shutting down and abandoning module WmfMedia (244)
[2018.09.05-11.21.33:764][671]LogModuleManager: Shutting down and abandoning module Media (243)
[2018.09.05-11.21.33:770][671]LogModuleManager: Shutting down and abandoning module PacketHandler (240)
[2018.09.05-11.21.33:770][671]LogModuleManager: Shutting down and abandoning module ClothingSystemEditor (238)
[2018.09.05-11.21.33:770][671]LogModuleManager: Shutting down and abandoning module ClothingSystemRuntime (236)
[2018.09.05-11.21.33:770][671]LogModuleManager: Shutting down and abandoning module MediaAssets (234)
[2018.09.05-11.21.33:770][671]LogModuleManager: Shutting down and abandoning module Overlay (232)
[2018.09.05-11.21.33:770][671]LogModuleManager: Shutting down and abandoning module OverlayEditor (231)
[2018.09.05-11.21.33:770][671]LogModuleManager: Shutting down and abandoning module VREditor (228)
[2018.09.05-11.21.33:770][671]LogModuleManager: Shutting down and abandoning module StringTableEditor (226)
[2018.09.05-11.21.33:770][671]LogModuleManager: Shutting down and abandoning module GameplayTasksEditor (224)
[2018.09.05-11.21.33:770][671]LogModuleManager: Shutting down and abandoning module BehaviorTreeEditor (222)
[2018.09.05-11.21.33:770][671]LogModuleManager: Shutting down and abandoning module FunctionalTesting (220)
[2018.09.05-11.21.33:770][671]LogModuleManager: Shutting down and abandoning module CollisionAnalyzer (218)
[2018.09.05-11.21.33:771][671]LogModuleManager: Shutting down and abandoning module WorkspaceMenuStructure (217)
[2018.09.05-11.21.33:771][671]LogModuleManager: Shutting down and abandoning module UMG (214)
[2018.09.05-11.21.33:771][671]LogModuleManager: Shutting down and abandoning module UMGEditor (213)
[2018.09.05-11.21.33:771][671]LogModuleManager: Shutting down and abandoning module Sequencer (212)
[2018.09.05-11.21.33:771][671]LogModuleManager: Shutting down and abandoning module MessageLog (209)
[2018.09.05-11.21.33:771][671]LogModuleManager: Shutting down and abandoning module SlateReflector (204)
[2018.09.05-11.21.33:771][671]LogModuleManager: Shutting down and abandoning module Slate (202)
[2018.09.05-11.21.33:771][671]LogModuleManager: Shutting down and abandoning module EditorStyle (200)
[2018.09.05-11.21.33:772][671]LogModuleManager: Shutting down and abandoning module MRMesh (198)
[2018.09.05-11.21.33:772][671]LogModuleManager: Shutting down and abandoning module SourceCodeAccess (196)
[2018.09.05-11.21.33:772][671]LogModuleManager: Shutting down and abandoning module HeadMountedDisplay (194)
[2018.09.05-11.21.33:772][671]LogModuleManager: Shutting down and abandoning module XAudio2 (192)
[2018.09.05-11.21.33:772][671]LogModuleManager: Shutting down and abandoning module Networking (190)
[2018.09.05-11.21.33:772][671]LogModuleManager: Shutting down and abandoning module Core (188)
[2018.09.05-11.21.33:772][671]LogModuleManager: Shutting down and abandoning module LevelSequence (186)
[2018.09.05-11.21.33:772][671]LogModuleManager: Shutting down and abandoning module KismetCompiler (184)
[2018.09.05-11.21.33:772][671]LogModuleManager: Shutting down and abandoning module MeshUtilities (182)
[2018.09.05-11.21.33:773][671]LogModuleManager: Shutting down and abandoning module MeshMergeUtilities (181)
[2018.09.05-11.21.33:773][671]LogModuleManager: Shutting down and abandoning module MeshReductionInterface (180)
[2018.09.05-11.21.33:773][671]LogModuleManager: Shutting down and abandoning module SimplygonSwarm (179)
[2018.09.05-11.21.33:773][671]LogModuleManager: Shutting down and abandoning module ProxyLODMeshReduction (177)
[2018.09.05-11.21.33:773][671]LogModuleManager: Shutting down and abandoning module SimplygonMeshReduction (175)
[2018.09.05-11.21.33:773][671]LogModuleManager: Shutting down and abandoning module QuadricMeshReduction (173)
[2018.09.05-11.21.33:773][671]LogModuleManager: Shutting down and abandoning module MaterialBaking (169)
[2018.09.05-11.21.33:773][671]LogModuleManager: Shutting down and abandoning module DirectoryWatcher (165)
[2018.09.05-11.21.33:773][671]LogModuleManager: Shutting down and abandoning module DerivedDataCache (162)
[2018.09.05-11.21.33:850][671]LogDerivedDataCache: Shutdown
[2018.09.05-11.21.33:850][671]LogModuleManager: Shutting down and abandoning module XGEController (160)
[2018.09.05-11.21.33:850][671]LogModuleManager: Shutting down and abandoning module TargetPlatform (158)
[2018.09.05-11.21.33:850][671]LogModuleManager: Shutting down and abandoning module VulkanShaderFormat (157)
[2018.09.05-11.21.33:850][671]LogModuleManager: Shutting down and abandoning module ShaderFormatVectorVM (155)
[2018.09.05-11.21.33:850][671]LogModuleManager: Shutting down and abandoning module ShaderFormatOpenGL (153)
[2018.09.05-11.21.33:850][671]LogModuleManager: Shutting down and abandoning module ShaderFormatD3D (151)
[2018.09.05-11.21.33:850][671]LogModuleManager: Shutting down and abandoning module MetalShaderFormat (149)
[2018.09.05-11.21.33:850][671]LogModuleManager: Shutting down and abandoning module TextureFormatUncompressed (147)
[2018.09.05-11.21.33:850][671]LogModuleManager: Shutting down and abandoning module TextureFormatPVR (145)
[2018.09.05-11.21.33:850][671]LogModuleManager: Shutting down and abandoning module TextureFormatDXT (143)
[2018.09.05-11.21.33:850][671]LogModuleManager: Shutting down and abandoning module TextureFormatIntelISPCTexComp (141)
[2018.09.05-11.21.33:851][671]LogModuleManager: Shutting down and abandoning module TextureFormatASTC (139)
[2018.09.05-11.21.33:851][671]LogModuleManager: Shutting down and abandoning module ImageWrapper (138)
[2018.09.05-11.21.33:851][671]LogModuleManager: Shutting down and abandoning module TextureFormatAndroid (135)
[2018.09.05-11.21.33:851][671]LogModuleManager: Shutting down and abandoning module AudioFormatOpus (133)
[2018.09.05-11.21.33:851][671]LogModuleManager: Shutting down and abandoning module AudioFormatOgg (131)
[2018.09.05-11.21.33:851][671]LogModuleManager: Shutting down and abandoning module AudioFormatADPCM (129)
[2018.09.05-11.21.33:851][671]LogModuleManager: Shutting down and abandoning module LuminTargetPlatform (127)
[2018.09.05-11.21.33:851][671]LogModuleManager: Shutting down and abandoning module LinuxTargetPlatform (125)
[2018.09.05-11.21.33:851][671]LogModuleManager: Shutting down and abandoning module LinuxServerTargetPlatform (123)
[2018.09.05-11.21.33:851][671]LogModuleManager: Shutting down and abandoning module LinuxNoEditorTargetPlatform (121)
[2018.09.05-11.21.33:851][671]LogModuleManager: Shutting down and abandoning module LinuxClientTargetPlatform (119)
[2018.09.05-11.21.33:851][671]LogModuleManager: Shutting down and abandoning module TVOSTargetPlatform (117)
[2018.09.05-11.21.33:852][671]LogModuleManager: Shutting down and abandoning module Messaging (115)
[2018.09.05-11.21.33:852][671]LogModuleManager: Shutting down and abandoning module IOSTargetPlatform (113)
[2018.09.05-11.21.33:853][671]LogModuleManager: Shutting down and abandoning module HTML5TargetPlatform (111)
[2018.09.05-11.21.33:853][671]LogModuleManager: Shutting down and abandoning module AndroidTargetPlatform (109)
[2018.09.05-11.21.33:859][671]LogModuleManager: Shutting down and abandoning module WindowsTargetPlatform (107)
[2018.09.05-11.21.33:859][671]LogModuleManager: Shutting down and abandoning module WindowsServerTargetPlatform (105)
[2018.09.05-11.21.33:859][671]LogModuleManager: Shutting down and abandoning module WindowsNoEditorTargetPlatform (103)
[2018.09.05-11.21.33:859][671]LogModuleManager: Shutting down and abandoning module WindowsClientTargetPlatform (101)
[2018.09.05-11.21.33:859][671]LogModuleManager: Shutting down and abandoning module MacTargetPlatform (99)
[2018.09.05-11.21.33:859][671]LogModuleManager: Shutting down and abandoning module MacServerTargetPlatform (97)
[2018.09.05-11.21.33:859][671]LogModuleManager: Shutting down and abandoning module MacNoEditorTargetPlatform (95)
[2018.09.05-11.21.33:859][671]LogModuleManager: Shutting down and abandoning module MacClientTargetPlatform (93)
[2018.09.05-11.21.33:859][671]LogModuleManager: Shutting down and abandoning module AllDesktopTargetPlatform (91)
[2018.09.05-11.21.33:859][671]LogModuleManager: Shutting down and abandoning module InputCore (88)
[2018.09.05-11.21.33:859][671]LogModuleManager: Shutting down and abandoning module Settings (86)
[2018.09.05-11.21.33:859][671]LogModuleManager: Shutting down and abandoning module PhysXCooking (84)
[2018.09.05-11.21.33:859][671]LogModuleManager: Shutting down and abandoning module SteamVR (82)
[2018.09.05-11.21.33:859][671]LogModuleManager: Shutting down and abandoning module OculusHMD (80)
[2018.09.05-11.21.33:859][671]LogModuleManager: Shutting down and abandoning module ExampleDeviceProfileSelector (78)
[2018.09.05-11.21.33:859][671]LogModuleManager: Shutting down and abandoning module LauncherChunkInstaller (76)
[2018.09.05-11.21.33:859][671]LogModuleManager: Shutting down and abandoning module OnlineBlueprintSupport (74)
[2018.09.05-11.21.33:859][671]LogModuleManager: Shutting down and abandoning module OnlineSubsystem (70)
[2018.09.05-11.21.33:860][671]LogModuleManager: Shutting down and abandoning module XMPP (65)
[2018.09.05-11.21.33:860][671]LogModuleManager: Shutting down and abandoning module WebSockets (64)
[2018.09.05-11.21.33:893][671]LogModuleManager: Shutting down and abandoning module HTTP (61)
[2018.09.05-11.21.33:893][671]LogHttp: Display: Http module shutting down, but needs to wait on 1 outstanding Http requests:
[2018.09.05-11.21.33:893][671]LogHttp: Display: 	verb=[POST] url=[https://datarouter.ol.epicgames.com/datarouter/api/v1/public/data?SessionID=%7BD6728BEA-40B2-D34B-62DE-8E8EA1E5DD37%7D&AppID=UEEditor.Rocket.Release&AppVersion=4.20.2-4302132%2B%2B%2BUE4%2BRelease-4.20&UserID=f28280dd4d398cf1695ddc9bd72976aa%7Ccaf677cad5714fefaca3461359abecc8%7Caaa3ba65-7563-489c-85b3-7fd2def63237&AppEnvironment=datacollector-binary&UploadType=eteventstream] status=Processing
[2018.09.05-11.21.33:897][671]LogModuleManager: Shutting down and abandoning module SSL (60)
[2018.09.05-11.21.33:898][671]LogModuleManager: Shutting down and abandoning module MagicLeapEmulator (56)
[2018.09.05-11.21.33:898][671]LogModuleManager: Shutting down and abandoning module MagicLeapPrivileges (54)
[2018.09.05-11.21.33:898][671]LogModuleManager: Shutting down and abandoning module MagicLeapIdentity (52)
[2018.09.05-11.21.33:898][671]LogModuleManager: Shutting down and abandoning module MagicLeapHelperVulkan (50)
[2018.09.05-11.21.33:898][671]LogModuleManager: Shutting down and abandoning module MagicLeapHelperOpenGL (48)
[2018.09.05-11.21.33:898][671]LogModuleManager: Shutting down and abandoning module MagicLeapSecureStorage (46)
[2018.09.05-11.21.33:898][671]LogModuleManager: Shutting down and abandoning module MagicLeapGestures (44)
[2018.09.05-11.21.33:898][671]LogModuleManager: Shutting down and abandoning module MagicLeapEyeTracker (42)
[2018.09.05-11.21.33:898][671]LogModuleManager: Shutting down and abandoning module MagicLeapController (40)
[2018.09.05-11.21.33:898][671]LogSlate: Slate User Destroyed.  User Index 0, Is Virtual User: 0
[2018.09.05-11.21.33:898][671]LogModuleManager: Shutting down and abandoning module MagicLeap (38)
[2018.09.05-11.21.33:899][671]LogModuleManager: Shutting down and abandoning module AnimationModifiers (36)
[2018.09.05-11.21.33:899][671]LogModuleManager: Shutting down and abandoning module PropertyEditor (35)
[2018.09.05-11.21.33:899][671]LogModuleManager: Shutting down and abandoning module AudioEditor (32)
[2018.09.05-11.21.33:899][671]LogModuleManager: Shutting down and abandoning module TextureCompressor (30)
[2018.09.05-11.21.33:899][671]LogModuleManager: Shutting down and abandoning module ShaderCore (28)
[2018.09.05-11.21.33:899][671]LogModuleManager: Shutting down and abandoning module Landscape (26)
[2018.09.05-11.21.33:899][671]LogModuleManager: Shutting down and abandoning module SlateRHIRenderer (24)
[2018.09.05-11.21.33:899][671]LogModuleManager: Shutting down and abandoning module OpenGLDrv (22)
[2018.09.05-11.21.33:899][671]LogModuleManager: Shutting down and abandoning module D3D11RHI (20)
[2018.09.05-11.21.33:899][671]LogModuleManager: Shutting down and abandoning module AnimGraphRuntime (18)
[2018.09.05-11.21.33:899][671]LogModuleManager: Shutting down and abandoning module Renderer (16)
[2018.09.05-11.21.33:899][671]LogModuleManager: Shutting down and abandoning module Engine (14)
[2018.09.05-11.21.33:899][671]LogModuleManager: Shutting down and abandoning module CoreUObject (12)
[2018.09.05-11.21.33:899][671]LogModuleManager: Shutting down and abandoning module NetworkFile (10)
[2018.09.05-11.21.33:899][671]LogModuleManager: Shutting down and abandoning module CookedIterativeFile (8)
[2018.09.05-11.21.33:899][671]LogModuleManager: Shutting down and abandoning module StreamingFile (6)
[2018.09.05-11.21.33:899][671]LogModuleManager: Shutting down and abandoning module SandboxFile (4)
[2018.09.05-11.21.33:899][671]LogModuleManager: Shutting down and abandoning module PakFile (2)
[2018.09.05-11.21.33:910][671]LogExit: Exiting.
[2018.09.05-11.21.33:943][671]Log file closed, 09/05/18 12:21:33
